<?xml version="1.0" encoding="UTF-8"?>
<testsuite xmlns:xsi="http://www.w3.org/2001/XMLSchema-instance" xsi:noNamespaceSchemaLocation="https://maven.apache.org/surefire/maven-surefire-plugin/xsd/surefire-test-report-3.0.xsd" version="3.0" name="TestRunner.TestRun" time="87.737" tests="5" errors="0" skipped="0" failures="0">
  <properties>
[...]
</properties>
  <testcase name="Enter the Valid Credentials" classname="Car loan EMI calculator" time="14.121">
    <system-out><![CDATA[
@sanity
Scenario Outline: Enter the Valid Credentials # Features/CarLoanEmi.feature:14
  Given the user click car loan               # StepDefenitions.EnteringValuesForCarLoan.the_user_click_car_loan()

    Embedding Enter the Valid Credentials [image/png 189035 bytes]

{interest=9.5, loan_amount=1500000, tenure=-375}
1500000 9.5 -375
  Then enter the values with excel row "1"    # StepDefenitions.EnteringValuesForCarLoan.enter_the_values_with_excel_row(java.lang.String)

    Embedding Enter the Valid Credentials [image/png 187790 bytes]

  And the user clicks on the year button      # StepDefenitions.EnteringValuesForCarLoan.the_user_clicks_on_the_year_button()

    Embedding Enter the Valid Credentials [image/png 187832 bytes]

  Then the user scroll to the table           # StepDefenitions.DisplayAndStoreYearTable.the_user_scroll_to_the_table()

    Embedding Enter the Valid Credentials [image/png 71778 bytes]

  Then the user click on the years            # StepDefenitions.DisplayAndStoreYearTable.the_user_click_on_the_years()

    Embedding Enter the Valid Credentials [image/png 77820 bytes]

2024₹ 11,11,590₹ 72,137
Apr₹ 1,19,650₹ 11,875
May₹ 1,20,597₹ 10,928
Jun₹ 1,21,552₹ 9,973
Jul₹ 1,22,515₹ 9,011
Aug₹ 1,23,484₹ 8,041
Sep₹ 1,24,462₹ 7,063
Oct₹ 1,25,447₹ 6,078
Nov₹ 1,26,440₹ 5,085
Dec₹ 1,27,441₹ 4,084
2025₹ 3,88,410₹ 6,166
Jan₹ 1,28,450₹ 3,075
Feb₹ 1,29,467₹ 2,058
Mar₹ 1,30,492₹ 1,033
  And display the EMI data                    # StepDefenitions.DisplayAndStoreYearTable.display_the_emi_data()

    Embedding Enter the Valid Credentials [image/png 135251 bytes]

]]></system-out>
  </testcase>
  <testcase name="Extracting the results" classname="Car loan EMI calculator" time="15.003">
    <system-out><![CDATA[
Scenario: Extracting the results           # Features/CarLoanEmi.feature:15
  Given the user navigates to HomeLoanPage # StepDefenitions.DisplayAndStoreYearTable.the_user_navigates_to_home_loan_page()

    Embedding Extracting the results [image/png 190377 bytes]

  Then the user scroll to table            # StepDefenitions.DisplayAndStoreYearTable.the_user_scroll_to_table()

    Embedding Extracting the results [image/png 218454 bytes]

  And writing data into the excel          # StepDefenitions.DisplayAndStoreYearTable.writing_data_into_the_excel()

    Embedding Extracting the results [image/png 218454 bytes]

]]></system-out>
  </testcase>
  <testcase name="EMIcalculator UI Validation" classname="UI checks in EMI calculator page" time="15.79">
    <system-out><![CDATA[
@regression
Scenario: EMIcalculator UI Validation                                           # Features/EMIcalcPage.feature:4
  Given the user navigates to emi calculator page                               # StepDefenitions.EMIcalcPage.the_user_navigates_to_emi_calculator_page()

    Embedding EMIcalculator UI Validation [image/png 217237 bytes]

  When the LoanAmount Textbox and Slider is visible and enabled to the user     # StepDefenitions.EMIcalcPage.the_loan_amount_textbox_and_slider_is_visible_and_displayed_to_the_user()

    Embedding EMIcalculator UI Validation [image/png 217237 bytes]

  And the scale change done by user reflects correctly in LoanAmount Textbox    # StepDefenitions.EMIcalcPage.the_scale_change_done_by_user_reflects_correctly_in_loan_amount_textbox()

    Embedding EMIcalculator UI Validation [image/png 217429 bytes]

  And the InterestRate Textbox and Slider is visible and enabled to the user    # StepDefenitions.EMIcalcPage.the_interest_rate_textbox_and_slider_is_visible_and_displayed_to_the_user()

    Embedding EMIcalculator UI Validation [image/png 217429 bytes]

  And the scale change done by user reflects correctly in InterestRate Textbox  # StepDefenitions.EMIcalcPage.the_scale_change_done_by_user_reflects_correctly_in_interest_rate_textbox()

    Embedding EMIcalculator UI Validation [image/png 217427 bytes]

  And the LoanTenure Textbox and Slider is visible and enabled to the user      # StepDefenitions.EMIcalcPage.the_loan_tenure_textbox_and_slider_is_visible_and_displayed_to_the_user()

    Embedding EMIcalculator UI Validation [image/png 217427 bytes]

  And the scale change done by user reflects correctly in LoanTenure Textbox    # StepDefenitions.EMIcalcPage.the_scale_change_done_by_user_reflects_correctly_in_loan_tenure_textbox()

    Embedding EMIcalculator UI Validation [image/png 166845 bytes]

  And the FeesAndCharge Textbox and Slider is visible and enabled to the user   # StepDefenitions.EMIcalcPage.the_fees_and_charge_textbox_and_slider_is_visible_and_displayed_to_the_user()

    Embedding EMIcalculator UI Validation [image/png 166845 bytes]

  And the scale change done by user reflects correctly in FeesAndCharge Textbox # StepDefenitions.EMIcalcPage.the_scale_change_done_by_user_reflects_correctly_in_fees_and_charge_textbox()

    Embedding EMIcalculator UI Validation [image/png 141901 bytes]

  And the YearAndMonth change done by user reflects correctly                   # StepDefenitions.EMIcalcPage.the_year_and_month_change_done_by_user_reflects_correctly()

    Embedding EMIcalculator UI Validation [image/png 142735 bytes]

UI checks in Loan Calculator page is done
  Then the EMIcalculator page UI checks are validated                           # StepDefenitions.EMIcalcPage.the_em_icalculator_page_ui_checks_are_validated()

    Embedding EMIcalculator UI Validation [image/png 142996 bytes]

]]></system-out>
  </testcase>
  <testcase name="Loan Amount Calculator UI Check" classname="Loan Amount Calculator UI Check" time="15.459">
    <system-out><![CDATA[
@regression
Scenario: Loan Amount Calculator UI Check                                            # Features/LoanAmountCalc.feature:4
  Given user click the Loan Amount Calculator button                                 # StepDefenitions.LoanAmountCalcPage.user_click_the_loan_amount_calculator_button()

    Embedding Loan Amount Calculator UI Check [image/png 225517 bytes]

  When user validates EMI textbox and slider                                         # StepDefenitions.LoanAmountCalcPage.user_validates_emi_textbox_and_slider()

    Embedding Loan Amount Calculator UI Check [image/png 225517 bytes]

  And user validates interest rate textbox and slider                                # StepDefenitions.LoanAmountCalcPage.user_validates_interest_rate_textbox_and_slider()

    Embedding Loan Amount Calculator UI Check [image/png 225517 bytes]

  And user validates scale change for interest rate textbox and slider               # StepDefenitions.LoanAmountCalcPage.user_validates_scale_change_for_interest_rate_textbox_and_slider()

    Embedding Loan Amount Calculator UI Check [image/png 225461 bytes]

  And user validates loan tenure textbox and slider                                  # StepDefenitions.LoanAmountCalcPage.user_validates_loan_tenure_textbox_and_slider()

    Embedding Loan Amount Calculator UI Check [image/png 225461 bytes]

  And user validates scale change for loan tenure textbox and slider                 # StepDefenitions.LoanAmountCalcPage.user_validates_scale_change_for_loan_tenure_textbox_and_slider()

    Embedding Loan Amount Calculator UI Check [image/png 154108 bytes]

  And user validates fees and charges textbox and slider                             # StepDefenitions.LoanAmountCalcPage.user_validates_fees_and_charges_textbox_and_slider()

    Embedding Loan Amount Calculator UI Check [image/png 154108 bytes]

  And user validates year and month option                                           # StepDefenitions.LoanAmountCalcPage.user_validates_year_and_month_option()

    Embedding Loan Amount Calculator UI Check [image/png 154553 bytes]

  And user validates scale change for loanamount fees and charges textbox and slider # StepDefenitions.LoanAmountCalcPage.user_validates_scale_change_for_loanamount_fees_and_charges_textbox_and_slider()

    Embedding Loan Amount Calculator UI Check [image/png 132011 bytes]

  Then Loan Amount Calculator UI Check validation is successful                      # StepDefenitions.LoanAmountCalcPage.loan_amount_calculator_ui_check_validation_is_successful()

    Embedding Loan Amount Calculator UI Check [image/png 132011 bytes]

]]></system-out>
  </testcase>
  <testcase name="Loan Tenure Calculator UI Check" classname="Loan Tenure Calculator UI Check" time="14.572">
    <system-out><![CDATA[
@regression
Scenario: Loan Tenure Calculator UI Check                                            # Features/LoanTenureCalcPage.feature:4
  Given user click the Loan Tenure Calculator button                                 # StepDefenitions.LoanTenureCalcPage.user_click_the_loan_tenure_calculator_button()

    Embedding Loan Tenure Calculator UI Check [image/png 225323 bytes]

  When user validate loan amount textbox and slider                                  # StepDefenitions.LoanTenureCalcPage.user_validate_loan_amount_textbox_and_slider()

    Embedding Loan Tenure Calculator UI Check [image/png 225323 bytes]

  And user validate scale change for loan amount textbox and slider                  # StepDefenitions.LoanTenureCalcPage.user_validate_scale_change_for_loan_amount_textbox_and_slider()

    Embedding Loan Tenure Calculator UI Check [image/png 225380 bytes]

  And user validate EMI textbox and slider                                           # StepDefenitions.LoanTenureCalcPage.user_validate_emi_textbox_and_slider()

    Embedding Loan Tenure Calculator UI Check [image/png 225380 bytes]

  And user validate interest rate textbox and slider                                 # StepDefenitions.LoanTenureCalcPage.user_validate_interest_rate_textbox_and_slider()

    Embedding Loan Tenure Calculator UI Check [image/png 225380 bytes]

  And user validate scale change for interest interest rate textbox and slider       # StepDefenitions.LoanTenureCalcPage.user_validate_scale_change_for_interest_interest_rate_textbox_and_slider()

    Embedding Loan Tenure Calculator UI Check [image/png 167044 bytes]

  And user validate fees and charges textbox and slider                              # StepDefenitions.LoanTenureCalcPage.user_validate_fees_and_charges_textbox_and_slider()

    Embedding Loan Tenure Calculator UI Check [image/png 167044 bytes]

  And user validates scale change for loantenure fees and charges textbox and slider # StepDefenitions.LoanTenureCalcPage.user_validates_scale_change_for_loantenure_fees_and_charges_textbox_and_slider()

    Embedding Loan Tenure Calculator UI Check [image/png 142895 bytes]

Loan Tenure UI Check validation is successful
  Then Loan Tenure UI Check validation is successful                                 # StepDefenitions.LoanTenureCalcPage.loan_tenure_ui_check_validation_is_successful()

    Embedding Loan Tenure Calculator UI Check [image/png 142895 bytes]

]]></system-out>
  </testcase>
</testsuite>